{"C:/Users/Twink-boy Mårt/Documents/GitHub/cloud-hub/apps/express-api/src/app.ts": {"path":"C:/Users/Twink-boy Mårt/Documents/GitHub/cloud-hub/apps/express-api/src/app.ts","statementMap":{"0":{"start":{"line":7,"column":19},"end":{"line":13,"column":null}},"1":{"start":{"line":9,"column":4},"end":{"line":9,"column":null}},"2":{"start":{"line":12,"column":4},"end":{"line":12,"column":null}}},"fnMap":{"0":{"name":"(anonymous_0)","decl":{"start":{"line":8,"column":8},"end":{"line":8,"column":9}},"loc":{"start":{"line":8,"column":29},"end":{"line":10,"column":3}}},"1":{"name":"(anonymous_1)","decl":{"start":{"line":11,"column":9},"end":{"line":11,"column":10}},"loc":{"start":{"line":11,"column":27},"end":{"line":13,"column":3}}}},"branchMap":{},"s":{"0":0,"1":0,"2":0},"f":{"0":0,"1":0},"b":{}}
,"C:/Users/Twink-boy Mårt/Documents/GitHub/cloud-hub/apps/express-api/src/controllers.ts": {"path":"C:/Users/Twink-boy Mårt/Documents/GitHub/cloud-hub/apps/express-api/src/controllers.ts","statementMap":{"0":{"start":{"line":5,"column":2},"end":{"line":5,"column":null}}},"fnMap":{"0":{"name":"getSpecification","decl":{"start":{"line":4,"column":16},"end":{"line":4,"column":33}},"loc":{"start":{"line":4,"column":62},"end":{"line":6,"column":null}}}},"branchMap":{},"s":{"0":0},"f":{"0":0},"b":{}}
,"C:/Users/Twink-boy Mårt/Documents/GitHub/cloud-hub/apps/express-api/src/components/cloud/cloud.controllers.ts": {"path":"C:/Users/Twink-boy Mårt/Documents/GitHub/cloud-hub/apps/express-api/src/components/cloud/cloud.controllers.ts","statementMap":{"0":{"start":{"line":6,"column":21},"end":{"line":6,"column":null}},"1":{"start":{"line":7,"column":19},"end":{"line":7,"column":null}},"2":{"start":{"line":10,"column":28},"end":{"line":10,"column":null}},"3":{"start":{"line":11,"column":17},"end":{"line":11,"column":null}},"4":{"start":{"line":12,"column":2},"end":{"line":12,"column":null}},"5":{"start":{"line":16,"column":21},"end":{"line":16,"column":null}},"6":{"start":{"line":18,"column":2},"end":{"line":20,"column":null}},"7":{"start":{"line":19,"column":4},"end":{"line":19,"column":null}},"8":{"start":{"line":22,"column":28},"end":{"line":22,"column":null}},"9":{"start":{"line":24,"column":16},"end":{"line":24,"column":null}},"10":{"start":{"line":26,"column":2},"end":{"line":28,"column":null}},"11":{"start":{"line":27,"column":4},"end":{"line":27,"column":null}},"12":{"start":{"line":30,"column":2},"end":{"line":30,"column":null}},"13":{"start":{"line":34,"column":21},"end":{"line":34,"column":null}},"14":{"start":{"line":35,"column":28},"end":{"line":35,"column":null}},"15":{"start":{"line":36,"column":23},"end":{"line":36,"column":null}},"16":{"start":{"line":37,"column":2},"end":{"line":37,"column":null}},"17":{"start":{"line":41,"column":21},"end":{"line":41,"column":null}},"18":{"start":{"line":43,"column":2},"end":{"line":45,"column":null}},"19":{"start":{"line":44,"column":4},"end":{"line":44,"column":null}},"20":{"start":{"line":47,"column":28},"end":{"line":47,"column":null}},"21":{"start":{"line":49,"column":16},"end":{"line":49,"column":null}},"22":{"start":{"line":51,"column":2},"end":{"line":53,"column":null}},"23":{"start":{"line":52,"column":4},"end":{"line":52,"column":null}},"24":{"start":{"line":55,"column":23},"end":{"line":55,"column":null}},"25":{"start":{"line":57,"column":2},"end":{"line":57,"column":null}},"26":{"start":{"line":61,"column":21},"end":{"line":61,"column":null}},"27":{"start":{"line":63,"column":2},"end":{"line":65,"column":null}},"28":{"start":{"line":64,"column":4},"end":{"line":64,"column":null}},"29":{"start":{"line":67,"column":28},"end":{"line":67,"column":null}},"30":{"start":{"line":69,"column":16},"end":{"line":69,"column":null}},"31":{"start":{"line":71,"column":2},"end":{"line":73,"column":null}},"32":{"start":{"line":72,"column":4},"end":{"line":72,"column":null}},"33":{"start":{"line":75,"column":2},"end":{"line":75,"column":null}},"34":{"start":{"line":77,"column":2},"end":{"line":77,"column":null}}},"fnMap":{"0":{"name":"getClouds","decl":{"start":{"line":9,"column":22},"end":{"line":9,"column":32}},"loc":{"start":{"line":9,"column":77},"end":{"line":13,"column":null}}},"1":{"name":"getCloud","decl":{"start":{"line":15,"column":22},"end":{"line":15,"column":31}},"loc":{"start":{"line":15,"column":76},"end":{"line":31,"column":null}}},"2":{"name":"createCloud","decl":{"start":{"line":33,"column":22},"end":{"line":33,"column":34}},"loc":{"start":{"line":33,"column":79},"end":{"line":38,"column":null}}},"3":{"name":"updateCloud","decl":{"start":{"line":40,"column":22},"end":{"line":40,"column":34}},"loc":{"start":{"line":40,"column":79},"end":{"line":58,"column":null}}},"4":{"name":"deleteCloud","decl":{"start":{"line":60,"column":22},"end":{"line":60,"column":34}},"loc":{"start":{"line":60,"column":79},"end":{"line":78,"column":null}}}},"branchMap":{"0":{"loc":{"start":{"line":18,"column":2},"end":{"line":20,"column":null}},"type":"if","locations":[{"start":{"line":18,"column":2},"end":{"line":20,"column":null}},{"start":{},"end":{}}]},"1":{"loc":{"start":{"line":26,"column":2},"end":{"line":28,"column":null}},"type":"if","locations":[{"start":{"line":26,"column":2},"end":{"line":28,"column":null}},{"start":{},"end":{}}]},"2":{"loc":{"start":{"line":43,"column":2},"end":{"line":45,"column":null}},"type":"if","locations":[{"start":{"line":43,"column":2},"end":{"line":45,"column":null}},{"start":{},"end":{}}]},"3":{"loc":{"start":{"line":51,"column":2},"end":{"line":53,"column":null}},"type":"if","locations":[{"start":{"line":51,"column":2},"end":{"line":53,"column":null}},{"start":{},"end":{}}]},"4":{"loc":{"start":{"line":63,"column":2},"end":{"line":65,"column":null}},"type":"if","locations":[{"start":{"line":63,"column":2},"end":{"line":65,"column":null}},{"start":{},"end":{}}]},"5":{"loc":{"start":{"line":71,"column":2},"end":{"line":73,"column":null}},"type":"if","locations":[{"start":{"line":71,"column":2},"end":{"line":73,"column":null}},{"start":{},"end":{}}]}},"s":{"0":1,"1":1,"2":0,"3":0,"4":0,"5":0,"6":0,"7":0,"8":0,"9":0,"10":0,"11":0,"12":0,"13":0,"14":0,"15":0,"16":0,"17":0,"18":0,"19":0,"20":0,"21":0,"22":0,"23":0,"24":0,"25":0,"26":0,"27":0,"28":0,"29":0,"30":0,"31":0,"32":0,"33":0,"34":0},"f":{"0":0,"1":0,"2":0,"3":0,"4":0},"b":{"0":[0,0],"1":[0,0],"2":[0,0],"3":[0,0],"4":[0,0],"5":[0,0]}}
,"C:/Users/Twink-boy Mårt/Documents/GitHub/cloud-hub/apps/express-api/src/components/cloud/cloud.dto.ts": {"path":"C:/Users/Twink-boy Mårt/Documents/GitHub/cloud-hub/apps/express-api/src/components/cloud/cloud.dto.ts","statementMap":{"0":{"start":{"line":5,"column":4},"end":{"line":9,"column":null}},"1":{"start":{"line":13,"column":4},"end":{"line":16,"column":null}},"2":{"start":{"line":20,"column":4},"end":{"line":25,"column":null}},"3":{"start":{"line":29,"column":4},"end":{"line":31,"column":null}}},"fnMap":{"0":{"name":"(anonymous_0)","decl":{"start":{"line":4,"column":2},"end":{"line":4,"column":6}},"loc":{"start":{"line":4,"column":20},"end":{"line":10,"column":null}}},"1":{"name":"(anonymous_1)","decl":{"start":{"line":12,"column":2},"end":{"line":12,"column":9}},"loc":{"start":{"line":12,"column":23},"end":{"line":17,"column":null}}},"2":{"name":"(anonymous_2)","decl":{"start":{"line":19,"column":2},"end":{"line":19,"column":9}},"loc":{"start":{"line":19,"column":23},"end":{"line":26,"column":null}}},"3":{"name":"(anonymous_3)","decl":{"start":{"line":28,"column":2},"end":{"line":28,"column":9}},"loc":{"start":{"line":28,"column":23},"end":{"line":32,"column":null}}}},"branchMap":{},"s":{"0":0,"1":0,"2":0,"3":0},"f":{"0":0,"1":0,"2":0,"3":0},"b":{}}
,"C:/Users/Twink-boy Mårt/Documents/GitHub/cloud-hub/apps/express-api/src/components/cloud/cloud.service.ts": {"path":"C:/Users/Twink-boy Mårt/Documents/GitHub/cloud-hub/apps/express-api/src/components/cloud/cloud.service.ts","statementMap":{"0":{"start":{"line":8,"column":4},"end":{"line":16,"column":null}},"1":{"start":{"line":22,"column":4},"end":{"line":34,"column":null}},"2":{"start":{"line":38,"column":4},"end":{"line":58,"column":null}},"3":{"start":{"line":65,"column":4},"end":{"line":74,"column":null}},"4":{"start":{"line":81,"column":28},"end":{"line":81,"column":null}},"5":{"start":{"line":83,"column":4},"end":{"line":93,"column":null}},"6":{"start":{"line":97,"column":4},"end":{"line":102,"column":null}}},"fnMap":{"0":{"name":"(anonymous_0)","decl":{"start":{"line":5,"column":2},"end":{"line":5,"column":8}},"loc":{"start":{"line":7,"column":62},"end":{"line":17,"column":null}}},"1":{"name":"(anonymous_1)","decl":{"start":{"line":19,"column":2},"end":{"line":19,"column":8}},"loc":{"start":{"line":21,"column":62},"end":{"line":35,"column":null}}},"2":{"name":"(anonymous_2)","decl":{"start":{"line":37,"column":2},"end":{"line":37,"column":8}},"loc":{"start":{"line":37,"column":87},"end":{"line":59,"column":null}}},"3":{"name":"(anonymous_3)","decl":{"start":{"line":61,"column":2},"end":{"line":61,"column":8}},"loc":{"start":{"line":64,"column":58},"end":{"line":75,"column":null}}},"4":{"name":"(anonymous_4)","decl":{"start":{"line":77,"column":2},"end":{"line":77,"column":8}},"loc":{"start":{"line":80,"column":20},"end":{"line":94,"column":null}}},"5":{"name":"(anonymous_5)","decl":{"start":{"line":96,"column":2},"end":{"line":96,"column":8}},"loc":{"start":{"line":96,"column":82},"end":{"line":103,"column":null}}}},"branchMap":{},"s":{"0":1,"1":0,"2":0,"3":2,"4":0,"5":0,"6":0},"f":{"0":1,"1":0,"2":0,"3":2,"4":0,"5":0},"b":{}}
,"C:/Users/Twink-boy Mårt/Documents/GitHub/cloud-hub/apps/express-api/src/config/index.ts": {"path":"C:/Users/Twink-boy Mårt/Documents/GitHub/cloud-hub/apps/express-api/src/config/index.ts","statementMap":{"0":{"start":{"line":4,"column":12},"end":{"line":12,"column":null}},"1":{"start":{"line":14,"column":18},"end":{"line":14,"column":null}},"2":{"start":{"line":28,"column":23},"end":{"line":38,"column":null}}},"fnMap":{},"branchMap":{},"s":{"0":1,"1":1,"2":1},"f":{},"b":{}}
,"C:/Users/Twink-boy Mårt/Documents/GitHub/cloud-hub/apps/express-api/src/lib/auth.ts": {"path":"C:/Users/Twink-boy Mårt/Documents/GitHub/cloud-hub/apps/express-api/src/lib/auth.ts","statementMap":{"0":{"start":{"line":6,"column":20},"end":{"line":18,"column":null}}},"fnMap":{},"branchMap":{},"s":{"0":2},"f":{},"b":{}}
,"C:/Users/Twink-boy Mårt/Documents/GitHub/cloud-hub/apps/express-api/src/lib/prisma.ts": {"path":"C:/Users/Twink-boy Mårt/Documents/GitHub/cloud-hub/apps/express-api/src/lib/prisma.ts","statementMap":{"0":{"start":{"line":3,"column":15},"end":{"line":3,"column":null}}},"fnMap":{},"branchMap":{},"s":{"0":2},"f":{},"b":{}}
,"C:/Users/Twink-boy Mårt/Documents/GitHub/cloud-hub/apps/express-api/src/lib/__mocks__/prisma.ts": {"path":"C:/Users/Twink-boy Mårt/Documents/GitHub/cloud-hub/apps/express-api/src/lib/__mocks__/prisma.ts","statementMap":{"0":{"start":{"line":7,"column":0},"end":{"line":9,"column":null}},"1":{"start":{"line":8,"column":2},"end":{"line":8,"column":null}},"2":{"start":{"line":12,"column":15},"end":{"line":12,"column":null}}},"fnMap":{"0":{"name":"(anonymous_0)","decl":{"start":{"line":7,"column":11},"end":{"line":7,"column":17}},"loc":{"start":{"line":7,"column":17},"end":{"line":9,"column":1}}}},"branchMap":{},"s":{"0":1,"1":1,"2":1},"f":{"0":1},"b":{}}
,"C:/Users/Twink-boy Mårt/Documents/GitHub/cloud-hub/apps/express-api/src/middleware/auth.ts": {"path":"C:/Users/Twink-boy Mårt/Documents/GitHub/cloud-hub/apps/express-api/src/middleware/auth.ts","statementMap":{"0":{"start":{"line":6,"column":2},"end":{"line":9,"column":null}},"1":{"start":{"line":7,"column":4},"end":{"line":7,"column":null}},"2":{"start":{"line":8,"column":4},"end":{"line":8,"column":null}},"3":{"start":{"line":11,"column":18},"end":{"line":13,"column":null}},"4":{"start":{"line":15,"column":2},"end":{"line":21,"column":null}},"5":{"start":{"line":16,"column":4},"end":{"line":19,"column":null}},"6":{"start":{"line":20,"column":4},"end":{"line":20,"column":null}},"7":{"start":{"line":23,"column":2},"end":{"line":23,"column":null}},"8":{"start":{"line":24,"column":2},"end":{"line":24,"column":null}}},"fnMap":{"0":{"name":"authMiddleware","decl":{"start":{"line":5,"column":22},"end":{"line":5,"column":37}},"loc":{"start":{"line":5,"column":86},"end":{"line":25,"column":null}}}},"branchMap":{"0":{"loc":{"start":{"line":6,"column":2},"end":{"line":9,"column":null}},"type":"if","locations":[{"start":{"line":6,"column":2},"end":{"line":9,"column":null}},{"start":{},"end":{}}]},"1":{"loc":{"start":{"line":15,"column":2},"end":{"line":21,"column":null}},"type":"if","locations":[{"start":{"line":15,"column":2},"end":{"line":21,"column":null}},{"start":{},"end":{}}]}},"s":{"0":1,"1":0,"2":0,"3":1,"4":1,"5":1,"6":1,"7":0,"8":0},"f":{"0":1},"b":{"0":[0,1],"1":[1,0]}}
,"C:/Users/Twink-boy Mårt/Documents/GitHub/cloud-hub/apps/express-api/src/middleware/errorHandling.ts": {"path":"C:/Users/Twink-boy Mårt/Documents/GitHub/cloud-hub/apps/express-api/src/middleware/errorHandling.ts","statementMap":{"0":{"start":{"line":27,"column":2},"end":{"line":27,"column":null}},"1":{"start":{"line":31,"column":2},"end":{"line":65,"column":null}},"2":{"start":{"line":32,"column":36},"end":{"line":35,"column":null}},"3":{"start":{"line":37,"column":4},"end":{"line":46,"column":null}},"4":{"start":{"line":38,"column":6},"end":{"line":45,"column":null}},"5":{"start":{"line":39,"column":34},"end":{"line":39,"column":null}},"6":{"start":{"line":41,"column":8},"end":{"line":44,"column":null}},"7":{"start":{"line":42,"column":10},"end":{"line":42,"column":null}},"8":{"start":{"line":43,"column":10},"end":{"line":43,"column":null}},"9":{"start":{"line":48,"column":57},"end":{"line":48,"column":null}},"10":{"start":{"line":49,"column":30},"end":{"line":49,"column":null}},"11":{"start":{"line":50,"column":25},"end":{"line":53,"column":null}},"12":{"start":{"line":55,"column":4},"end":{"line":55,"column":null}},"13":{"start":{"line":57,"column":4},"end":{"line":62,"column":null}},"14":{"start":{"line":58,"column":6},"end":{"line":58,"column":null}},"15":{"start":{"line":59,"column":6},"end":{"line":59,"column":null}},"16":{"start":{"line":61,"column":6},"end":{"line":61,"column":null}},"17":{"start":{"line":64,"column":4},"end":{"line":64,"column":null}}},"fnMap":{"0":{"name":"createErrorAdapter","decl":{"start":{"line":23,"column":16},"end":{"line":23,"column":null}},"loc":{"start":{"line":26,"column":23},"end":{"line":28,"column":null}}},"1":{"name":"createErrorMiddleware","decl":{"start":{"line":30,"column":16},"end":{"line":30,"column":62}},"loc":{"start":{"line":30,"column":94},"end":{"line":66,"column":null}}},"2":{"name":"errorMiddleware","decl":{"start":{"line":31,"column":18},"end":{"line":31,"column":34}},"loc":{"start":{"line":31,"column":97},"end":{"line":65,"column":null}}}},"branchMap":{"0":{"loc":{"start":{"line":38,"column":6},"end":{"line":45,"column":null}},"type":"if","locations":[{"start":{"line":38,"column":6},"end":{"line":45,"column":null}},{"start":{},"end":{}}]},"1":{"loc":{"start":{"line":41,"column":8},"end":{"line":44,"column":null}},"type":"if","locations":[{"start":{"line":41,"column":8},"end":{"line":44,"column":null}},{"start":{},"end":{}}]},"2":{"loc":{"start":{"line":52,"column":10},"end":{"line":52,"column":null}},"type":"cond-expr","locations":[{"start":{"line":52,"column":30},"end":{"line":52,"column":59}},{"start":{"line":52,"column":59},"end":{"line":52,"column":null}}]},"3":{"loc":{"start":{"line":57,"column":4},"end":{"line":62,"column":null}},"type":"if","locations":[{"start":{"line":57,"column":4},"end":{"line":62,"column":null}},{"start":{"line":60,"column":11},"end":{"line":62,"column":null}}]}},"s":{"0":3,"1":1,"2":0,"3":0,"4":0,"5":0,"6":0,"7":0,"8":0,"9":0,"10":0,"11":0,"12":0,"13":0,"14":0,"15":0,"16":0,"17":0},"f":{"0":3,"1":1,"2":0},"b":{"0":[0,0],"1":[0,0],"2":[0,0],"3":[0,0]}}
,"C:/Users/Twink-boy Mårt/Documents/GitHub/cloud-hub/apps/express-api/src/middleware/logging.ts": {"path":"C:/Users/Twink-boy Mårt/Documents/GitHub/cloud-hub/apps/express-api/src/middleware/logging.ts","statementMap":{"0":{"start":{"line":5,"column":2},"end":{"line":5,"column":null}},"1":{"start":{"line":9,"column":2},"end":{"line":15,"column":null}}},"fnMap":{"0":{"name":"consoleLogs","decl":{"start":{"line":4,"column":16},"end":{"line":4,"column":28}},"loc":{"start":{"line":4,"column":52},"end":{"line":6,"column":null}}},"1":{"name":"fileLogs","decl":{"start":{"line":8,"column":16},"end":{"line":8,"column":25}},"loc":{"start":{"line":8,"column":88},"end":{"line":16,"column":null}}}},"branchMap":{"0":{"loc":{"start":{"line":4,"column":28},"end":{"line":4,"column":52}},"type":"default-arg","locations":[{"start":{"line":4,"column":45},"end":{"line":4,"column":52}}]},"1":{"loc":{"start":{"line":8,"column":61},"end":{"line":8,"column":88}},"type":"default-arg","locations":[{"start":{"line":8,"column":78},"end":{"line":8,"column":88}}]}},"s":{"0":1,"1":0},"f":{"0":1,"1":0},"b":{"0":[0],"1":[0]}}
,"C:/Users/Twink-boy Mårt/Documents/GitHub/cloud-hub/apps/express-api/src/middleware/errorAdapters/better-auth.ts": {"path":"C:/Users/Twink-boy Mårt/Documents/GitHub/cloud-hub/apps/express-api/src/middleware/errorAdapters/better-auth.ts","statementMap":{"0":{"start":{"line":5,"column":38},"end":{"line":17,"column":null}},"1":{"start":{"line":6,"column":43},"end":{"line":8,"column":null}},"2":{"start":{"line":10,"column":2},"end":{"line":14,"column":null}},"3":{"start":{"line":11,"column":4},"end":{"line":11,"column":null}},"4":{"start":{"line":12,"column":2},"end":{"line":14,"column":null}},"5":{"start":{"line":13,"column":4},"end":{"line":13,"column":null}},"6":{"start":{"line":16,"column":2},"end":{"line":16,"column":null}}},"fnMap":{"0":{"name":"(anonymous_0)","decl":{"start":{"line":5,"column":67},"end":{"line":5,"column":68}},"loc":{"start":{"line":5,"column":86},"end":{"line":17,"column":1}}}},"branchMap":{"0":{"loc":{"start":{"line":10,"column":2},"end":{"line":14,"column":null}},"type":"if","locations":[{"start":{"line":10,"column":2},"end":{"line":14,"column":null}},{"start":{"line":12,"column":2},"end":{"line":14,"column":null}}]},"1":{"loc":{"start":{"line":12,"column":2},"end":{"line":14,"column":null}},"type":"if","locations":[{"start":{"line":12,"column":2},"end":{"line":14,"column":null}},{"start":{},"end":{}}]}},"s":{"0":1,"1":0,"2":0,"3":0,"4":0,"5":0,"6":0},"f":{"0":0},"b":{"0":[0,0],"1":[0,0]}}
,"C:/Users/Twink-boy Mårt/Documents/GitHub/cloud-hub/apps/express-api/src/middleware/errorAdapters/express-openapi-validator.ts": {"path":"C:/Users/Twink-boy Mårt/Documents/GitHub/cloud-hub/apps/express-api/src/middleware/errorAdapters/express-openapi-validator.ts","statementMap":{"0":{"start":{"line":5,"column":40},"end":{"line":10,"column":null}},"1":{"start":{"line":5,"column":91},"end":{"line":10,"column":2}}},"fnMap":{"0":{"name":"(anonymous_0)","decl":{"start":{"line":5,"column":70},"end":{"line":5,"column":71}},"loc":{"start":{"line":5,"column":91},"end":{"line":10,"column":2}}}},"branchMap":{},"s":{"0":1,"1":0},"f":{"0":0},"b":{}}
,"C:/Users/Twink-boy Mårt/Documents/GitHub/cloud-hub/apps/express-api/src/middleware/errorAdapters/native.ts": {"path":"C:/Users/Twink-boy Mårt/Documents/GitHub/cloud-hub/apps/express-api/src/middleware/errorAdapters/native.ts","statementMap":{"0":{"start":{"line":3,"column":34},"end":{"line":11,"column":null}},"1":{"start":{"line":4,"column":2},"end":{"line":10,"column":null}},"2":{"start":{"line":5,"column":4},"end":{"line":9,"column":null}}},"fnMap":{"0":{"name":"(anonymous_0)","decl":{"start":{"line":3,"column":64},"end":{"line":3,"column":65}},"loc":{"start":{"line":3,"column":84},"end":{"line":11,"column":1}}}},"branchMap":{"0":{"loc":{"start":{"line":4,"column":2},"end":{"line":10,"column":null}},"type":"if","locations":[{"start":{"line":4,"column":2},"end":{"line":10,"column":null}},{"start":{},"end":{}}]}},"s":{"0":1,"1":0,"2":0},"f":{"0":0},"b":{"0":[0,0]}}
,"C:/Users/Twink-boy Mårt/Documents/GitHub/cloud-hub/apps/express-api/src/types/errors/index.ts": {"path":"C:/Users/Twink-boy Mårt/Documents/GitHub/cloud-hub/apps/express-api/src/types/errors/index.ts","statementMap":{"0":{"start":{"line":3,"column":4},"end":{"line":3,"column":null}}},"fnMap":{"0":{"name":"(anonymous_0)","decl":{"start":{"line":2,"column":2},"end":{"line":2,"column":14}},"loc":{"start":{"line":2,"column":32},"end":{"line":4,"column":null}}}},"branchMap":{"0":{"loc":{"start":{"line":3,"column":10},"end":{"line":3,"column":32}},"type":"binary-expr","locations":[{"start":{"line":3,"column":10},"end":{"line":3,"column":21}},{"start":{"line":3,"column":21},"end":{"line":3,"column":32}}]}},"s":{"0":0},"f":{"0":0},"b":{"0":[0,0]}}
,"C:/Users/Twink-boy Mårt/Documents/GitHub/cloud-hub/apps/express-api/src/utils/errors.ts": {"path":"C:/Users/Twink-boy Mårt/Documents/GitHub/cloud-hub/apps/express-api/src/utils/errors.ts","statementMap":{"0":{"start":{"line":2,"column":4},"end":{"line":2,"column":null}},"1":{"start":{"line":6,"column":4},"end":{"line":6,"column":null}}},"fnMap":{"0":{"name":"isServerError","decl":{"start":{"line":1,"column":16},"end":{"line":1,"column":30}},"loc":{"start":{"line":1,"column":50},"end":{"line":3,"column":null}}},"1":{"name":"isClientError","decl":{"start":{"line":5,"column":16},"end":{"line":5,"column":30}},"loc":{"start":{"line":5,"column":50},"end":{"line":7,"column":null}}}},"branchMap":{"0":{"loc":{"start":{"line":6,"column":11},"end":{"line":6,"column":null}},"type":"binary-expr","locations":[{"start":{"line":6,"column":11},"end":{"line":6,"column":32}},{"start":{"line":6,"column":32},"end":{"line":6,"column":null}}]}},"s":{"0":0,"1":0},"f":{"0":0,"1":0},"b":{"0":[0,0]}}
,"C:/Users/Twink-boy Mårt/Documents/GitHub/cloud-hub/apps/express-api/src/utils/format.ts": {"path":"C:/Users/Twink-boy Mårt/Documents/GitHub/cloud-hub/apps/express-api/src/utils/format.ts","statementMap":{"0":{"start":{"line":6,"column":50},"end":{"line":6,"column":null}},"1":{"start":{"line":8,"column":2},"end":{"line":24,"column":null}},"2":{"start":{"line":9,"column":22},"end":{"line":9,"column":null}},"3":{"start":{"line":10,"column":21},"end":{"line":10,"column":null}},"4":{"start":{"line":12,"column":4},"end":{"line":14,"column":null}},"5":{"start":{"line":13,"column":6},"end":{"line":13,"column":null}},"6":{"start":{"line":16,"column":23},"end":{"line":16,"column":null}},"7":{"start":{"line":18,"column":29},"end":{"line":21,"column":null}},"8":{"start":{"line":23,"column":4},"end":{"line":23,"column":null}},"9":{"start":{"line":26,"column":2},"end":{"line":26,"column":null}}},"fnMap":{"0":{"name":"formatValidationErrors","decl":{"start":{"line":5,"column":16},"end":{"line":5,"column":39}},"loc":{"start":{"line":5,"column":70},"end":{"line":27,"column":null}}},"1":{"name":"(anonymous_1)","decl":{"start":{"line":8,"column":17},"end":{"line":8,"column":18}},"loc":{"start":{"line":8,"column":28},"end":{"line":24,"column":3}}}},"branchMap":{"0":{"loc":{"start":{"line":10,"column":21},"end":{"line":10,"column":null}},"type":"binary-expr","locations":[{"start":{"line":10,"column":21},"end":{"line":10,"column":37}},{"start":{"line":10,"column":37},"end":{"line":10,"column":null}}]},"1":{"loc":{"start":{"line":12,"column":4},"end":{"line":14,"column":null}},"type":"if","locations":[{"start":{"line":12,"column":4},"end":{"line":14,"column":null}},{"start":{},"end":{}}]}},"s":{"0":0,"1":0,"2":0,"3":0,"4":0,"5":0,"6":0,"7":0,"8":0,"9":0},"f":{"0":0,"1":0},"b":{"0":[0,0],"1":[0,0]}}
,"C:/Users/Twink-boy Mårt/Documents/GitHub/cloud-hub/apps/express-api/src/utils/index.ts": {"path":"C:/Users/Twink-boy Mårt/Documents/GitHub/cloud-hub/apps/express-api/src/utils/index.ts","statementMap":{"0":{"start":{"line":11,"column":2},"end":{"line":13,"column":null}},"1":{"start":{"line":12,"column":4},"end":{"line":12,"column":null}}},"fnMap":{"0":{"name":"arrayToObject","decl":{"start":{"line":10,"column":16},"end":{"line":10,"column":30}},"loc":{"start":{"line":10,"column":69},"end":{"line":14,"column":null}}},"1":{"name":"(anonymous_1)","decl":{"start":{"line":11,"column":27},"end":{"line":11,"column":28}},"loc":{"start":{"line":11,"column":42},"end":{"line":13,"column":5}}}},"branchMap":{},"s":{"0":0,"1":0},"f":{"0":0,"1":0},"b":{}}
,"C:/Users/Twink-boy Mårt/Documents/GitHub/cloud-hub/apps/express-api/src/utils/server.ts": {"path":"C:/Users/Twink-boy Mårt/Documents/GitHub/cloud-hub/apps/express-api/src/utils/server.ts","statementMap":{"0":{"start":{"line":24,"column":2},"end":{"line":24,"column":null}},"1":{"start":{"line":26,"column":17},"end":{"line":26,"column":null}},"2":{"start":{"line":29,"column":2},"end":{"line":29,"column":null}},"3":{"start":{"line":29,"column":27},"end":{"line":29,"column":null}},"4":{"start":{"line":30,"column":2},"end":{"line":30,"column":null}},"5":{"start":{"line":30,"column":24},"end":{"line":30,"column":null}},"6":{"start":{"line":33,"column":2},"end":{"line":33,"column":null}},"7":{"start":{"line":34,"column":2},"end":{"line":34,"column":null}},"8":{"start":{"line":37,"column":2},"end":{"line":37,"column":null}},"9":{"start":{"line":40,"column":2},"end":{"line":49,"column":null}},"10":{"start":{"line":52,"column":2},"end":{"line":52,"column":null}},"11":{"start":{"line":53,"column":2},"end":{"line":53,"column":null}},"12":{"start":{"line":54,"column":2},"end":{"line":54,"column":null}},"13":{"start":{"line":57,"column":2},"end":{"line":57,"column":null}},"14":{"start":{"line":60,"column":2},"end":{"line":71,"column":null}},"15":{"start":{"line":74,"column":18},"end":{"line":78,"column":null}},"16":{"start":{"line":76,"column":6},"end":{"line":76,"column":null}},"17":{"start":{"line":80,"column":2},"end":{"line":80,"column":null}},"18":{"start":{"line":83,"column":2},"end":{"line":85,"column":null}},"19":{"start":{"line":87,"column":2},"end":{"line":87,"column":null}}},"fnMap":{"0":{"name":"createServer","decl":{"start":{"line":20,"column":22},"end":{"line":20,"column":null}},"loc":{"start":{"line":23,"column":20},"end":{"line":88,"column":null}}},"1":{"name":"(anonymous_1)","decl":{"start":{"line":75,"column":19},"end":{"line":75,"column":20}},"loc":{"start":{"line":75,"column":51},"end":{"line":77,"column":null}}}},"branchMap":{"0":{"loc":{"start":{"line":29,"column":2},"end":{"line":29,"column":null}},"type":"if","locations":[{"start":{"line":29,"column":2},"end":{"line":29,"column":null}},{"start":{},"end":{}}]},"1":{"loc":{"start":{"line":30,"column":2},"end":{"line":30,"column":null}},"type":"if","locations":[{"start":{"line":30,"column":2},"end":{"line":30,"column":null}},{"start":{},"end":{}}]}},"s":{"0":1,"1":1,"2":1,"3":1,"4":1,"5":0,"6":1,"7":1,"8":1,"9":1,"10":1,"11":1,"12":1,"13":1,"14":1,"15":1,"16":6,"17":1,"18":1,"19":1},"f":{"0":1,"1":6},"b":{"0":[1,0],"1":[0,1]}}
}
